INFO  [2021-05-25 14:48:03,201] org.eclipse.jetty.util.log: Logging initialized @1222ms to org.eclipse.jetty.util.log.Slf4jLog
INFO  [2021-05-25 14:48:03,273] io.dropwizard.server.DefaultServerFactory: Registering jersey handler with root path prefix: /
INFO  [2021-05-25 14:48:03,275] io.dropwizard.server.DefaultServerFactory: Registering admin handler with root path prefix: /
INFO  [2021-05-25 14:48:03,377] org.hibernate.Version: HHH000412: Hibernate Core {5.2.1.Final}
INFO  [2021-05-25 14:48:03,377] org.hibernate.cfg.Environment: HHH000206: hibernate.properties not found
INFO  [2021-05-25 14:48:03,378] org.hibernate.cfg.Environment: HHH000021: Bytecode provider name : javassist
INFO  [2021-05-25 14:48:03,582] org.hibernate.annotations.common.Version: HCANN000001: Hibernate Commons Annotations {5.0.1.Final}
WARN  [2021-05-25 14:48:03,643] org.hibernate.orm.connections: HHH10001002: Using Hibernate built-in connection pool (not for production use!)
INFO  [2021-05-25 14:48:03,647] org.hibernate.orm.connections: HHH10001005: using driver [com.mysql.cj.jdbc.Driver] at URL [jdbc:mysql://localhost:3306/mysql]
INFO  [2021-05-25 14:48:03,647] org.hibernate.orm.connections: HHH10001001: Connection properties: {password=****, user=root}
INFO  [2021-05-25 14:48:03,647] org.hibernate.orm.connections: HHH10001003: Autocommit mode: false
INFO  [2021-05-25 14:48:03,649] org.hibernate.engine.jdbc.connections.internal.DriverManagerConnectionProviderImpl: HHH000115: Hibernate connection pool size: 100 (min=1)
INFO  [2021-05-25 14:48:03,918] org.hibernate.dialect.Dialect: HHH000400: Using dialect: org.hibernate.dialect.MySQLDialect
INFO  [2021-05-25 14:48:04,438] org.hibernate.tool.schema.internal.SchemaCreatorImpl: HHH000476: Executing import script 'org.hibernate.tool.schema.internal.exec.ScriptSourceInputNonExistentImpl@243c4346'
INFO  [2021-05-25 14:48:04,447] org.hibernate.hql.internal.QueryTranslatorFactoryInitiator: HHH000397: Using ASTQueryTranslatorFactory
INFO  [2021-05-25 14:48:04,645] io.dropwizard.server.ServerFactory: Starting hello-world
INFO  [2021-05-25 14:48:04,707] org.eclipse.jetty.setuid.SetUIDListener: Opened application@70ee1963{HTTP/1.1, (http/1.1)}{0.0.0.0:64890}
INFO  [2021-05-25 14:48:04,707] org.eclipse.jetty.setuid.SetUIDListener: Opened admin@2e0652ab{HTTP/1.1, (http/1.1)}{0.0.0.0:64891}
INFO  [2021-05-25 14:48:04,709] org.eclipse.jetty.server.Server: jetty-9.4.39.v20210325; built: 2021-03-25T14:42:11.471Z; git: 9fc7ca5a922f2a37b84ec9dbc26a5168cee7e667; jvm 16.0.1+9-24
INFO  [2021-05-25 14:48:05,048] io.dropwizard.jersey.DropwizardResourceConfig: The following paths were found for the configured resources:

    GET     /campsites (com.example.helloworld.resources.CampsiteResource)
    POST    /campsites (com.example.helloworld.resources.CampsiteResource)
    GET     /campsites/{siteId} (com.example.helloworld.resources.CampsiteResource)

INFO  [2021-05-25 14:48:05,049] org.eclipse.jetty.server.handler.ContextHandler: Started i.d.j.MutableServletContextHandler@4be1dce6{/,null,AVAILABLE}
INFO  [2021-05-25 14:48:05,051] io.dropwizard.setup.AdminEnvironment: tasks = 

    POST    /tasks/log-level (io.dropwizard.servlets.tasks.LogConfigurationTask)
    POST    /tasks/gc (io.dropwizard.servlets.tasks.GarbageCollectionTask)

INFO  [2021-05-25 14:48:05,051] org.eclipse.jetty.server.handler.ContextHandler: Started i.d.j.MutableServletContextHandler@24a7d3d3{/,null,AVAILABLE}
INFO  [2021-05-25 14:48:05,062] org.eclipse.jetty.server.AbstractConnector: Started application@70ee1963{HTTP/1.1, (http/1.1)}{0.0.0.0:64890}
INFO  [2021-05-25 14:48:05,063] org.eclipse.jetty.server.AbstractConnector: Started admin@2e0652ab{HTTP/1.1, (http/1.1)}{0.0.0.0:64891}
INFO  [2021-05-25 14:48:05,063] org.eclipse.jetty.server.Server: Started @3085ms
INFO  [2021-05-25 14:48:05,294] org.eclipse.jetty.server.AbstractConnector: Stopped application@70ee1963{HTTP/1.1, (http/1.1)}{0.0.0.0:0}
INFO  [2021-05-25 14:48:05,294] org.eclipse.jetty.server.AbstractConnector: Stopped admin@2e0652ab{HTTP/1.1, (http/1.1)}{0.0.0.0:0}
INFO  [2021-05-25 14:48:05,295] org.eclipse.jetty.server.handler.ContextHandler: Stopped i.d.j.MutableServletContextHandler@24a7d3d3{/,null,STOPPED}
INFO  [2021-05-25 14:48:05,299] org.eclipse.jetty.server.handler.ContextHandler: Stopped i.d.j.MutableServletContextHandler@4be1dce6{/,null,STOPPED}
INFO  [2021-05-25 19:33:52,506] org.eclipse.jetty.util.log: Logging initialized @1321ms to org.eclipse.jetty.util.log.Slf4jLog
INFO  [2021-05-25 19:33:52,582] io.dropwizard.server.DefaultServerFactory: Registering jersey handler with root path prefix: /
INFO  [2021-05-25 19:33:52,583] io.dropwizard.server.DefaultServerFactory: Registering admin handler with root path prefix: /
INFO  [2021-05-25 19:33:52,655] org.hibernate.Version: HHH000412: Hibernate Core {5.2.1.Final}
INFO  [2021-05-25 19:33:52,656] org.hibernate.cfg.Environment: HHH000206: hibernate.properties not found
INFO  [2021-05-25 19:33:52,657] org.hibernate.cfg.Environment: HHH000021: Bytecode provider name : javassist
INFO  [2021-05-25 19:33:52,849] org.hibernate.annotations.common.Version: HCANN000001: Hibernate Commons Annotations {5.0.1.Final}
WARN  [2021-05-25 19:33:52,886] org.hibernate.orm.connections: HHH10001002: Using Hibernate built-in connection pool (not for production use!)
INFO  [2021-05-25 19:33:52,891] org.hibernate.orm.connections: HHH10001005: using driver [com.mysql.cj.jdbc.Driver] at URL [jdbc:mysql://localhost:3306/mysql]
INFO  [2021-05-25 19:33:52,891] org.hibernate.orm.connections: HHH10001001: Connection properties: {password=****, user=root}
INFO  [2021-05-25 19:33:52,891] org.hibernate.orm.connections: HHH10001003: Autocommit mode: false
INFO  [2021-05-25 19:33:52,893] org.hibernate.engine.jdbc.connections.internal.DriverManagerConnectionProviderImpl: HHH000115: Hibernate connection pool size: 100 (min=1)
INFO  [2021-05-25 19:33:53,173] org.hibernate.dialect.Dialect: HHH000400: Using dialect: org.hibernate.dialect.MySQLDialect
INFO  [2021-05-25 19:33:53,622] org.hibernate.tool.schema.internal.SchemaCreatorImpl: HHH000476: Executing import script 'org.hibernate.tool.schema.internal.exec.ScriptSourceInputNonExistentImpl@141bb6b8'
INFO  [2021-05-25 19:33:53,629] org.hibernate.hql.internal.QueryTranslatorFactoryInitiator: HHH000397: Using ASTQueryTranslatorFactory
